app/build/intermediates/manifest_merge_blame_file/debug/manifest-merger-blame-debug-report.txt
1<?xml version="1.0" encoding="utf-8"?>
2<manifest xmlns:android="http://schemas.android.com/apk/res/android"
3    package="com.example.login5"
4    android:versionCode="1"
5    android:versionName="1.0" >
6
7    <uses-sdk
8        android:minSdkVersion="21"
8-->src\main\AndroidManifest.xml
9        android:targetSdkVersion="32" />
9-->src\main\AndroidManifest.xml
10
11    <uses-permission android:name="android.permission.INTERNET" /> <!-- 갤러리 이미지 사진 조절 하기 위한 퍼미션 추가 -->
11-->src\main\AndroidManifest.xml:5:5-67
11-->src\main\AndroidManifest.xml:5:22-64
12    <uses-permission android:name="android.permission.READ_CONTACTS" />
12-->src\main\AndroidManifest.xml:6:5-72
12-->src\main\AndroidManifest.xml:6:22-69
13    <uses-permission android:name="android.permission.WRITE_CONTACTS" /> <!-- 저장 파일에 접근하기 위한 퍼미션 설정 -->
13-->src\main\AndroidManifest.xml:7:5-73
13-->src\main\AndroidManifest.xml:7:22-70
14    <uses-permission android:name="android.permission.WRITE_EXTERNAL_STORAGE" />
14-->src\main\AndroidManifest.xml:8:5-81
14-->src\main\AndroidManifest.xml:8:22-78
15    <uses-permission android:name="android.permission.READ_EXTERNAL_STORAGE" />
15-->src\main\AndroidManifest.xml:9:5-80
15-->src\main\AndroidManifest.xml:9:22-77
16    <uses-permission android:name="android.permission.ACCESS_NETWORK_STATE" />
16-->src\main\AndroidManifest.xml:10:5-78
16-->src\main\AndroidManifest.xml:10:22-76
17
18    <!-- Android package visibility setting -->
19    <queries>
19-->[com.google.android.gms:play-services-ads-lite:20.2.0] AndroidManifest.xml:27:5-43:15
20
21        <!-- For browser content -->
22        <intent>
22-->[com.google.android.gms:play-services-ads-lite:20.2.0] AndroidManifest.xml:30:9-36:18
23            <action android:name="android.intent.action.VIEW" />
23-->[com.google.android.gms:play-services-ads-lite:20.2.0] AndroidManifest.xml:31:13-65
23-->[com.google.android.gms:play-services-ads-lite:20.2.0] AndroidManifest.xml:31:21-62
24
25            <category android:name="android.intent.category.BROWSABLE" />
25-->[com.google.android.gms:play-services-ads-lite:20.2.0] AndroidManifest.xml:33:13-74
25-->[com.google.android.gms:play-services-ads-lite:20.2.0] AndroidManifest.xml:33:23-71
26
27            <data android:scheme="https" />
27-->[com.google.android.gms:play-services-ads-lite:20.2.0] AndroidManifest.xml:35:13-44
27-->[com.google.android.gms:play-services-ads-lite:20.2.0] AndroidManifest.xml:35:19-41
28        </intent>
29        <!-- End of browser content -->
30        <!-- For CustomTabsService -->
31        <intent>
31-->[com.google.android.gms:play-services-ads-lite:20.2.0] AndroidManifest.xml:39:9-41:18
32            <action android:name="android.support.customtabs.action.CustomTabsService" />
32-->[com.google.android.gms:play-services-ads-lite:20.2.0] AndroidManifest.xml:40:13-90
32-->[com.google.android.gms:play-services-ads-lite:20.2.0] AndroidManifest.xml:40:21-87
33        </intent>
34        <!-- End of CustomTabsService -->
35    </queries>
36
37    <uses-permission android:name="android.permission.WAKE_LOCK" />
37-->[com.google.android.gms:play-services-measurement-api:20.1.1] AndroidManifest.xml:24:5-68
37-->[com.google.android.gms:play-services-measurement-api:20.1.1] AndroidManifest.xml:24:22-65
38    <uses-permission android:name="com.google.android.gms.permission.AD_ID" />
38-->[com.google.android.gms:play-services-measurement-api:20.1.1] AndroidManifest.xml:25:5-79
38-->[com.google.android.gms:play-services-measurement-api:20.1.1] AndroidManifest.xml:25:22-76
39    <uses-permission android:name="com.google.android.finsky.permission.BIND_GET_INSTALL_REFERRER_SERVICE" />
39-->[com.google.android.gms:play-services-measurement:20.1.1] AndroidManifest.xml:26:5-110
39-->[com.google.android.gms:play-services-measurement:20.1.1] AndroidManifest.xml:26:22-107
40    <uses-permission android:name="android.permission.RECEIVE_BOOT_COMPLETED" />
40-->[androidx.work:work-runtime:2.1.0] AndroidManifest.xml:27:5-81
40-->[androidx.work:work-runtime:2.1.0] AndroidManifest.xml:27:22-78
41
42    <application
42-->src\main\AndroidManifest.xml:12:5-41:19
43        android:allowBackup="true"
43-->src\main\AndroidManifest.xml:13:9-35
44        android:appComponentFactory="androidx.core.app.CoreComponentFactory"
44-->[androidx.core:core:1.7.0] AndroidManifest.xml:24:18-86
45        android:debuggable="true"
46        android:icon="@mipmap/ic_launcher"
46-->src\main\AndroidManifest.xml:14:9-43
47        android:label="@string/app_name"
47-->src\main\AndroidManifest.xml:15:9-41
48        android:roundIcon="@mipmap/ic_launcher_round"
48-->src\main\AndroidManifest.xml:16:9-54
49        android:supportsRtl="true"
49-->src\main\AndroidManifest.xml:17:9-35
50        android:testOnly="true"
51        android:theme="@style/Theme.Login5"
51-->src\main\AndroidManifest.xml:18:9-44
52        android:usesCleartextTraffic="true" >
52-->src\main\AndroidManifest.xml:19:9-44
53        <activity
53-->src\main\AndroidManifest.xml:20:9-22:40
54            android:name="com.example.login5.ImageActivity"
54-->src\main\AndroidManifest.xml:21:13-42
55            android:exported="false" />
55-->src\main\AndroidManifest.xml:22:13-37
56        <activity
56-->src\main\AndroidManifest.xml:23:9-31:20
57            android:name="com.example.login5.LoginActivity"
57-->src\main\AndroidManifest.xml:24:13-42
58            android:exported="true" >
58-->src\main\AndroidManifest.xml:25:13-36
59            <intent-filter>
59-->src\main\AndroidManifest.xml:26:13-30:29
60                <action android:name="android.intent.action.MAIN" />
60-->src\main\AndroidManifest.xml:27:17-69
60-->src\main\AndroidManifest.xml:27:25-66
61
62                <category android:name="android.intent.category.LAUNCHER" />
62-->src\main\AndroidManifest.xml:29:17-77
62-->src\main\AndroidManifest.xml:29:27-74
63            </intent-filter>
64        </activity>
65        <activity
65-->src\main\AndroidManifest.xml:32:9-34:40
66            android:name="com.example.login5.RegisterActivity"
66-->src\main\AndroidManifest.xml:33:13-45
67            android:exported="false" />
67-->src\main\AndroidManifest.xml:34:13-37
68        <activity
68-->src\main\AndroidManifest.xml:35:9-37:40
69            android:name="com.example.login5.MainActivity"
69-->src\main\AndroidManifest.xml:36:13-41
70            android:exported="false" />
70-->src\main\AndroidManifest.xml:37:13-37
71        <activity
71-->src\main\AndroidManifest.xml:38:9-40:40
72            android:name="com.example.login5.MbtiActivity"
72-->src\main\AndroidManifest.xml:39:13-41
73            android:exported="false" />
73-->src\main\AndroidManifest.xml:40:13-37
74
75        <service
75-->[com.google.firebase:firebase-firestore:24.1.2] AndroidManifest.xml:17:9-23:19
76            android:name="com.google.firebase.components.ComponentDiscoveryService"
76-->[com.google.firebase:firebase-firestore:24.1.2] AndroidManifest.xml:18:13-84
77            android:directBootAware="true"
77-->[com.google.firebase:firebase-common:20.1.1] AndroidManifest.xml:35:13-43
78            android:exported="false" >
78-->[com.google.firebase:firebase-firestore:24.1.2] AndroidManifest.xml:19:13-37
79            <meta-data
79-->[com.google.firebase:firebase-firestore:24.1.2] AndroidManifest.xml:20:13-22:85
80                android:name="com.google.firebase.components:com.google.firebase.firestore.FirestoreRegistrar"
80-->[com.google.firebase:firebase-firestore:24.1.2] AndroidManifest.xml:21:17-111
81                android:value="com.google.firebase.components.ComponentRegistrar" />
81-->[com.google.firebase:firebase-firestore:24.1.2] AndroidManifest.xml:22:17-82
82            <meta-data
82-->[com.google.firebase:firebase-auth:21.0.3] AndroidManifest.xml:67:13-69:85
83                android:name="com.google.firebase.components:com.google.firebase.auth.FirebaseAuthRegistrar"
83-->[com.google.firebase:firebase-auth:21.0.3] AndroidManifest.xml:68:17-109
84                android:value="com.google.firebase.components.ComponentRegistrar" />
84-->[com.google.firebase:firebase-auth:21.0.3] AndroidManifest.xml:69:17-82
85            <meta-data
85-->[com.google.firebase:firebase-database:20.0.5] AndroidManifest.xml:32:13-34:85
86                android:name="com.google.firebase.components:com.google.firebase.database.DatabaseRegistrar"
86-->[com.google.firebase:firebase-database:20.0.5] AndroidManifest.xml:33:17-109
87                android:value="com.google.firebase.components.ComponentRegistrar" />
87-->[com.google.firebase:firebase-database:20.0.5] AndroidManifest.xml:34:17-82
88            <meta-data
88-->[com.google.firebase:firebase-storage:20.0.1] AndroidManifest.xml:33:13-35:85
89                android:name="com.google.firebase.components:com.google.firebase.storage.StorageRegistrar"
89-->[com.google.firebase:firebase-storage:20.0.1] AndroidManifest.xml:34:17-107
90                android:value="com.google.firebase.components.ComponentRegistrar" />
90-->[com.google.firebase:firebase-storage:20.0.1] AndroidManifest.xml:35:17-82
91            <meta-data
91-->[com.google.android.gms:play-services-measurement-api:20.1.1] AndroidManifest.xml:31:13-33:85
92                android:name="com.google.firebase.components:com.google.firebase.analytics.connector.internal.AnalyticsConnectorRegistrar"
92-->[com.google.android.gms:play-services-measurement-api:20.1.1] AndroidManifest.xml:32:17-139
93                android:value="com.google.firebase.components.ComponentRegistrar" />
93-->[com.google.android.gms:play-services-measurement-api:20.1.1] AndroidManifest.xml:33:17-82
94            <meta-data
94-->[com.google.firebase:firebase-installations:17.0.1] AndroidManifest.xml:18:13-20:85
95                android:name="com.google.firebase.components:com.google.firebase.installations.FirebaseInstallationsRegistrar"
95-->[com.google.firebase:firebase-installations:17.0.1] AndroidManifest.xml:19:17-127
96                android:value="com.google.firebase.components.ComponentRegistrar" />
96-->[com.google.firebase:firebase-installations:17.0.1] AndroidManifest.xml:20:17-82
97        </service> <!-- Include the AdActivity and InAppPurchaseActivity configChanges and themes. -->
98        <activity
98-->[com.google.android.gms:play-services-ads-lite:20.2.0] AndroidManifest.xml:48:9-52:64
99            android:name="com.google.android.gms.ads.AdActivity"
99-->[com.google.android.gms:play-services-ads-lite:20.2.0] AndroidManifest.xml:49:13-65
100            android:configChanges="keyboard|keyboardHidden|orientation|screenLayout|uiMode|screenSize|smallestScreenSize"
100-->[com.google.android.gms:play-services-ads-lite:20.2.0] AndroidManifest.xml:50:13-122
101            android:exported="false"
101-->[com.google.android.gms:play-services-ads-lite:20.2.0] AndroidManifest.xml:51:13-37
102            android:theme="@android:style/Theme.Translucent" />
102-->[com.google.android.gms:play-services-ads-lite:20.2.0] AndroidManifest.xml:52:13-61
103
104        <provider
104-->[com.google.android.gms:play-services-ads-lite:20.2.0] AndroidManifest.xml:54:9-58:39
105            android:name="com.google.android.gms.ads.MobileAdsInitProvider"
105-->[com.google.android.gms:play-services-ads-lite:20.2.0] AndroidManifest.xml:55:13-76
106            android:authorities="com.example.login5.mobileadsinitprovider"
106-->[com.google.android.gms:play-services-ads-lite:20.2.0] AndroidManifest.xml:56:13-73
107            android:exported="false"
107-->[com.google.android.gms:play-services-ads-lite:20.2.0] AndroidManifest.xml:57:13-37
108            android:initOrder="100" />
108-->[com.google.android.gms:play-services-ads-lite:20.2.0] AndroidManifest.xml:58:13-36
109
110        <service
110-->[com.google.android.gms:play-services-ads-lite:20.2.0] AndroidManifest.xml:60:9-63:40
111            android:name="com.google.android.gms.ads.AdService"
111-->[com.google.android.gms:play-services-ads-lite:20.2.0] AndroidManifest.xml:61:13-64
112            android:enabled="true"
112-->[com.google.android.gms:play-services-ads-lite:20.2.0] AndroidManifest.xml:62:13-35
113            android:exported="false" />
113-->[com.google.android.gms:play-services-ads-lite:20.2.0] AndroidManifest.xml:63:13-37
114
115        <activity
115-->[com.google.firebase:firebase-auth:21.0.3] AndroidManifest.xml:27:9-44:20
116            android:name="com.google.firebase.auth.internal.GenericIdpActivity"
116-->[com.google.firebase:firebase-auth:21.0.3] AndroidManifest.xml:28:13-80
117            android:excludeFromRecents="true"
117-->[com.google.firebase:firebase-auth:21.0.3] AndroidManifest.xml:29:13-46
118            android:exported="true"
118-->[com.google.firebase:firebase-auth:21.0.3] AndroidManifest.xml:30:13-36
119            android:launchMode="singleTask"
119-->[com.google.firebase:firebase-auth:21.0.3] AndroidManifest.xml:31:13-44
120            android:theme="@android:style/Theme.Translucent.NoTitleBar" >
120-->[com.google.firebase:firebase-auth:21.0.3] AndroidManifest.xml:32:13-72
121            <intent-filter>
121-->[com.google.firebase:firebase-auth:21.0.3] AndroidManifest.xml:33:13-43:29
122                <action android:name="android.intent.action.VIEW" />
122-->[com.google.android.gms:play-services-ads-lite:20.2.0] AndroidManifest.xml:31:13-65
122-->[com.google.android.gms:play-services-ads-lite:20.2.0] AndroidManifest.xml:31:21-62
123
124                <category android:name="android.intent.category.DEFAULT" />
124-->[com.google.firebase:firebase-auth:21.0.3] AndroidManifest.xml:36:17-76
124-->[com.google.firebase:firebase-auth:21.0.3] AndroidManifest.xml:36:27-73
125                <category android:name="android.intent.category.BROWSABLE" />
125-->[com.google.android.gms:play-services-ads-lite:20.2.0] AndroidManifest.xml:33:13-74
125-->[com.google.android.gms:play-services-ads-lite:20.2.0] AndroidManifest.xml:33:23-71
126
127                <data
127-->[com.google.android.gms:play-services-ads-lite:20.2.0] AndroidManifest.xml:35:13-44
128                    android:host="firebase.auth"
129                    android:path="/"
130                    android:scheme="genericidp" />
130-->[com.google.android.gms:play-services-ads-lite:20.2.0] AndroidManifest.xml:35:19-41
131            </intent-filter>
132        </activity>
133        <activity
133-->[com.google.firebase:firebase-auth:21.0.3] AndroidManifest.xml:45:9-62:20
134            android:name="com.google.firebase.auth.internal.RecaptchaActivity"
134-->[com.google.firebase:firebase-auth:21.0.3] AndroidManifest.xml:46:13-79
135            android:excludeFromRecents="true"
135-->[com.google.firebase:firebase-auth:21.0.3] AndroidManifest.xml:47:13-46
136            android:exported="true"
136-->[com.google.firebase:firebase-auth:21.0.3] AndroidManifest.xml:48:13-36
137            android:launchMode="singleTask"
137-->[com.google.firebase:firebase-auth:21.0.3] AndroidManifest.xml:49:13-44
138            android:theme="@android:style/Theme.Translucent.NoTitleBar" >
138-->[com.google.firebase:firebase-auth:21.0.3] AndroidManifest.xml:50:13-72
139            <intent-filter>
139-->[com.google.firebase:firebase-auth:21.0.3] AndroidManifest.xml:51:13-61:29
140                <action android:name="android.intent.action.VIEW" />
140-->[com.google.android.gms:play-services-ads-lite:20.2.0] AndroidManifest.xml:31:13-65
140-->[com.google.android.gms:play-services-ads-lite:20.2.0] AndroidManifest.xml:31:21-62
141
142                <category android:name="android.intent.category.DEFAULT" />
142-->[com.google.firebase:firebase-auth:21.0.3] AndroidManifest.xml:36:17-76
142-->[com.google.firebase:firebase-auth:21.0.3] AndroidManifest.xml:36:27-73
143                <category android:name="android.intent.category.BROWSABLE" />
143-->[com.google.android.gms:play-services-ads-lite:20.2.0] AndroidManifest.xml:33:13-74
143-->[com.google.android.gms:play-services-ads-lite:20.2.0] AndroidManifest.xml:33:23-71
144
145                <data
145-->[com.google.android.gms:play-services-ads-lite:20.2.0] AndroidManifest.xml:35:13-44
146                    android:host="firebase.auth"
147                    android:path="/"
148                    android:scheme="recaptcha" />
148-->[com.google.android.gms:play-services-ads-lite:20.2.0] AndroidManifest.xml:35:19-41
149            </intent-filter>
150        </activity>
151
152        <provider
152-->[com.google.firebase:firebase-common:20.1.1] AndroidManifest.xml:26:9-31:39
153            android:name="com.google.firebase.provider.FirebaseInitProvider"
153-->[com.google.firebase:firebase-common:20.1.1] AndroidManifest.xml:27:13-77
154            android:authorities="com.example.login5.firebaseinitprovider"
154-->[com.google.firebase:firebase-common:20.1.1] AndroidManifest.xml:28:13-72
155            android:directBootAware="true"
155-->[com.google.firebase:firebase-common:20.1.1] AndroidManifest.xml:29:13-43
156            android:exported="false"
156-->[com.google.firebase:firebase-common:20.1.1] AndroidManifest.xml:30:13-37
157            android:initOrder="100" />
157-->[com.google.firebase:firebase-common:20.1.1] AndroidManifest.xml:31:13-36
158
159        <activity
159-->[com.google.android.gms:play-services-base:18.0.1] AndroidManifest.xml:20:9-22:45
160            android:name="com.google.android.gms.common.api.GoogleApiActivity"
160-->[com.google.android.gms:play-services-base:18.0.1] AndroidManifest.xml:20:19-85
161            android:exported="false"
161-->[com.google.android.gms:play-services-base:18.0.1] AndroidManifest.xml:22:19-43
162            android:theme="@android:style/Theme.Translucent.NoTitleBar" />
162-->[com.google.android.gms:play-services-base:18.0.1] AndroidManifest.xml:21:19-78
163
164        <receiver
164-->[com.google.android.gms:play-services-measurement:20.1.1] AndroidManifest.xml:29:9-33:20
165            android:name="com.google.android.gms.measurement.AppMeasurementReceiver"
165-->[com.google.android.gms:play-services-measurement:20.1.1] AndroidManifest.xml:30:13-85
166            android:enabled="true"
166-->[com.google.android.gms:play-services-measurement:20.1.1] AndroidManifest.xml:31:13-35
167            android:exported="false" >
167-->[com.google.android.gms:play-services-measurement:20.1.1] AndroidManifest.xml:32:13-37
168        </receiver>
169
170        <service
170-->[com.google.android.gms:play-services-measurement:20.1.1] AndroidManifest.xml:35:9-38:40
171            android:name="com.google.android.gms.measurement.AppMeasurementService"
171-->[com.google.android.gms:play-services-measurement:20.1.1] AndroidManifest.xml:36:13-84
172            android:enabled="true"
172-->[com.google.android.gms:play-services-measurement:20.1.1] AndroidManifest.xml:37:13-35
173            android:exported="false" />
173-->[com.google.android.gms:play-services-measurement:20.1.1] AndroidManifest.xml:38:13-37
174        <service
174-->[com.google.android.gms:play-services-measurement:20.1.1] AndroidManifest.xml:39:9-43:72
175            android:name="com.google.android.gms.measurement.AppMeasurementJobService"
175-->[com.google.android.gms:play-services-measurement:20.1.1] AndroidManifest.xml:40:13-87
176            android:enabled="true"
176-->[com.google.android.gms:play-services-measurement:20.1.1] AndroidManifest.xml:41:13-35
177            android:exported="false"
177-->[com.google.android.gms:play-services-measurement:20.1.1] AndroidManifest.xml:42:13-37
178            android:permission="android.permission.BIND_JOB_SERVICE" />
178-->[com.google.android.gms:play-services-measurement:20.1.1] AndroidManifest.xml:43:13-69
179
180        <meta-data
180-->[com.google.android.gms:play-services-basement:18.0.0] AndroidManifest.xml:21:9-23:69
181            android:name="com.google.android.gms.version"
181-->[com.google.android.gms:play-services-basement:18.0.0] AndroidManifest.xml:22:13-58
182            android:value="@integer/google_play_services_version" />
182-->[com.google.android.gms:play-services-basement:18.0.0] AndroidManifest.xml:23:13-66
183
184        <provider
184-->[androidx.emoji2:emoji2:1.0.0] AndroidManifest.xml:26:9-34:20
185            android:name="androidx.startup.InitializationProvider"
185-->[androidx.emoji2:emoji2:1.0.0] AndroidManifest.xml:27:13-67
186            android:authorities="com.example.login5.androidx-startup"
186-->[androidx.emoji2:emoji2:1.0.0] AndroidManifest.xml:28:13-68
187            android:exported="false" >
187-->[androidx.emoji2:emoji2:1.0.0] AndroidManifest.xml:29:13-37
188            <meta-data
188-->[androidx.emoji2:emoji2:1.0.0] AndroidManifest.xml:31:13-33:52
189                android:name="androidx.emoji2.text.EmojiCompatInitializer"
189-->[androidx.emoji2:emoji2:1.0.0] AndroidManifest.xml:32:17-75
190                android:value="androidx.startup" />
190-->[androidx.emoji2:emoji2:1.0.0] AndroidManifest.xml:33:17-49
191            <meta-data
191-->[androidx.lifecycle:lifecycle-process:2.4.0] AndroidManifest.xml:31:13-33:52
192                android:name="androidx.lifecycle.ProcessLifecycleInitializer"
192-->[androidx.lifecycle:lifecycle-process:2.4.0] AndroidManifest.xml:32:17-78
193                android:value="androidx.startup" />
193-->[androidx.lifecycle:lifecycle-process:2.4.0] AndroidManifest.xml:33:17-49
194        </provider>
195        <provider
195-->[androidx.work:work-runtime:2.1.0] AndroidManifest.xml:30:9-36:35
196            android:name="androidx.work.impl.WorkManagerInitializer"
196-->[androidx.work:work-runtime:2.1.0] AndroidManifest.xml:31:13-69
197            android:authorities="com.example.login5.workmanager-init"
197-->[androidx.work:work-runtime:2.1.0] AndroidManifest.xml:32:13-68
198            android:directBootAware="false"
198-->[androidx.work:work-runtime:2.1.0] AndroidManifest.xml:33:13-44
199            android:exported="false"
199-->[androidx.work:work-runtime:2.1.0] AndroidManifest.xml:34:13-37
200            android:multiprocess="true" />
200-->[androidx.work:work-runtime:2.1.0] AndroidManifest.xml:35:13-40
201
202        <service
202-->[androidx.work:work-runtime:2.1.0] AndroidManifest.xml:38:9-43:35
203            android:name="androidx.work.impl.background.systemalarm.SystemAlarmService"
203-->[androidx.work:work-runtime:2.1.0] AndroidManifest.xml:39:13-88
204            android:directBootAware="false"
204-->[androidx.work:work-runtime:2.1.0] AndroidManifest.xml:40:13-44
205            android:enabled="@bool/enable_system_alarm_service_default"
205-->[androidx.work:work-runtime:2.1.0] AndroidManifest.xml:41:13-72
206            android:exported="false" />
206-->[androidx.work:work-runtime:2.1.0] AndroidManifest.xml:42:13-37
207        <service
207-->[androidx.work:work-runtime:2.1.0] AndroidManifest.xml:44:9-50:35
208            android:name="androidx.work.impl.background.systemjob.SystemJobService"
208-->[androidx.work:work-runtime:2.1.0] AndroidManifest.xml:45:13-84
209            android:directBootAware="false"
209-->[androidx.work:work-runtime:2.1.0] AndroidManifest.xml:46:13-44
210            android:enabled="@bool/enable_system_job_service_default"
210-->[androidx.work:work-runtime:2.1.0] AndroidManifest.xml:47:13-70
211            android:exported="true"
211-->[androidx.work:work-runtime:2.1.0] AndroidManifest.xml:48:13-36
212            android:permission="android.permission.BIND_JOB_SERVICE" />
212-->[androidx.work:work-runtime:2.1.0] AndroidManifest.xml:49:13-69
213
214        <receiver
214-->[androidx.work:work-runtime:2.1.0] AndroidManifest.xml:52:9-57:35
215            android:name="androidx.work.impl.utils.ForceStopRunnable$BroadcastReceiver"
215-->[androidx.work:work-runtime:2.1.0] AndroidManifest.xml:53:13-88
216            android:directBootAware="false"
216-->[androidx.work:work-runtime:2.1.0] AndroidManifest.xml:54:13-44
217            android:enabled="true"
217-->[androidx.work:work-runtime:2.1.0] AndroidManifest.xml:55:13-35
218            android:exported="false" />
218-->[androidx.work:work-runtime:2.1.0] AndroidManifest.xml:56:13-37
219        <receiver
219-->[androidx.work:work-runtime:2.1.0] AndroidManifest.xml:58:9-68:20
220            android:name="androidx.work.impl.background.systemalarm.ConstraintProxy$BatteryChargingProxy"
220-->[androidx.work:work-runtime:2.1.0] AndroidManifest.xml:59:13-106
221            android:directBootAware="false"
221-->[androidx.work:work-runtime:2.1.0] AndroidManifest.xml:60:13-44
222            android:enabled="false"
222-->[androidx.work:work-runtime:2.1.0] AndroidManifest.xml:61:13-36
223            android:exported="false" >
223-->[androidx.work:work-runtime:2.1.0] AndroidManifest.xml:62:13-37
224            <intent-filter>
224-->[androidx.work:work-runtime:2.1.0] AndroidManifest.xml:64:13-67:29
225                <action android:name="android.intent.action.ACTION_POWER_CONNECTED" />
225-->[androidx.work:work-runtime:2.1.0] AndroidManifest.xml:65:17-87
225-->[androidx.work:work-runtime:2.1.0] AndroidManifest.xml:65:25-84
226                <action android:name="android.intent.action.ACTION_POWER_DISCONNECTED" />
226-->[androidx.work:work-runtime:2.1.0] AndroidManifest.xml:66:17-90
226-->[androidx.work:work-runtime:2.1.0] AndroidManifest.xml:66:25-87
227            </intent-filter>
228        </receiver>
229        <receiver
229-->[androidx.work:work-runtime:2.1.0] AndroidManifest.xml:69:9-79:20
230            android:name="androidx.work.impl.background.systemalarm.ConstraintProxy$BatteryNotLowProxy"
230-->[androidx.work:work-runtime:2.1.0] AndroidManifest.xml:70:13-104
231            android:directBootAware="false"
231-->[androidx.work:work-runtime:2.1.0] AndroidManifest.xml:71:13-44
232            android:enabled="false"
232-->[androidx.work:work-runtime:2.1.0] AndroidManifest.xml:72:13-36
233            android:exported="false" >
233-->[androidx.work:work-runtime:2.1.0] AndroidManifest.xml:73:13-37
234            <intent-filter>
234-->[androidx.work:work-runtime:2.1.0] AndroidManifest.xml:75:13-78:29
235                <action android:name="android.intent.action.BATTERY_OKAY" />
235-->[androidx.work:work-runtime:2.1.0] AndroidManifest.xml:76:17-77
235-->[androidx.work:work-runtime:2.1.0] AndroidManifest.xml:76:25-74
236                <action android:name="android.intent.action.BATTERY_LOW" />
236-->[androidx.work:work-runtime:2.1.0] AndroidManifest.xml:77:17-76
236-->[androidx.work:work-runtime:2.1.0] AndroidManifest.xml:77:25-73
237            </intent-filter>
238        </receiver>
239        <receiver
239-->[androidx.work:work-runtime:2.1.0] AndroidManifest.xml:80:9-90:20
240            android:name="androidx.work.impl.background.systemalarm.ConstraintProxy$StorageNotLowProxy"
240-->[androidx.work:work-runtime:2.1.0] AndroidManifest.xml:81:13-104
241            android:directBootAware="false"
241-->[androidx.work:work-runtime:2.1.0] AndroidManifest.xml:82:13-44
242            android:enabled="false"
242-->[androidx.work:work-runtime:2.1.0] AndroidManifest.xml:83:13-36
243            android:exported="false" >
243-->[androidx.work:work-runtime:2.1.0] AndroidManifest.xml:84:13-37
244            <intent-filter>
244-->[androidx.work:work-runtime:2.1.0] AndroidManifest.xml:86:13-89:29
245                <action android:name="android.intent.action.DEVICE_STORAGE_LOW" />
245-->[androidx.work:work-runtime:2.1.0] AndroidManifest.xml:87:17-83
245-->[androidx.work:work-runtime:2.1.0] AndroidManifest.xml:87:25-80
246                <action android:name="android.intent.action.DEVICE_STORAGE_OK" />
246-->[androidx.work:work-runtime:2.1.0] AndroidManifest.xml:88:17-82
246-->[androidx.work:work-runtime:2.1.0] AndroidManifest.xml:88:25-79
247            </intent-filter>
248        </receiver>
249        <receiver
249-->[androidx.work:work-runtime:2.1.0] AndroidManifest.xml:91:9-100:20
250            android:name="androidx.work.impl.background.systemalarm.ConstraintProxy$NetworkStateProxy"
250-->[androidx.work:work-runtime:2.1.0] AndroidManifest.xml:92:13-103
251            android:directBootAware="false"
251-->[androidx.work:work-runtime:2.1.0] AndroidManifest.xml:93:13-44
252            android:enabled="false"
252-->[androidx.work:work-runtime:2.1.0] AndroidManifest.xml:94:13-36
253            android:exported="false" >
253-->[androidx.work:work-runtime:2.1.0] AndroidManifest.xml:95:13-37
254            <intent-filter>
254-->[androidx.work:work-runtime:2.1.0] AndroidManifest.xml:97:13-99:29
255                <action android:name="android.net.conn.CONNECTIVITY_CHANGE" />
255-->[androidx.work:work-runtime:2.1.0] AndroidManifest.xml:98:17-79
255-->[androidx.work:work-runtime:2.1.0] AndroidManifest.xml:98:25-76
256            </intent-filter>
257        </receiver>
258        <receiver
258-->[androidx.work:work-runtime:2.1.0] AndroidManifest.xml:101:9-112:20
259            android:name="androidx.work.impl.background.systemalarm.RescheduleReceiver"
259-->[androidx.work:work-runtime:2.1.0] AndroidManifest.xml:102:13-88
260            android:directBootAware="false"
260-->[androidx.work:work-runtime:2.1.0] AndroidManifest.xml:103:13-44
261            android:enabled="false"
261-->[androidx.work:work-runtime:2.1.0] AndroidManifest.xml:104:13-36
262            android:exported="false" >
262-->[androidx.work:work-runtime:2.1.0] AndroidManifest.xml:105:13-37
263            <intent-filter>
263-->[androidx.work:work-runtime:2.1.0] AndroidManifest.xml:107:13-111:29
264                <action android:name="android.intent.action.BOOT_COMPLETED" />
264-->[androidx.work:work-runtime:2.1.0] AndroidManifest.xml:108:17-79
264-->[androidx.work:work-runtime:2.1.0] AndroidManifest.xml:108:25-76
265                <action android:name="android.intent.action.TIME_SET" />
265-->[androidx.work:work-runtime:2.1.0] AndroidManifest.xml:109:17-73
265-->[androidx.work:work-runtime:2.1.0] AndroidManifest.xml:109:25-70
266                <action android:name="android.intent.action.TIMEZONE_CHANGED" />
266-->[androidx.work:work-runtime:2.1.0] AndroidManifest.xml:110:17-81